====================================================
MoM SOLVER EXECUTION LOG
====================================================
Start Time: 2025-06-01 13:14:55
====================================================

PROBLEM PARAMETERS:
- Matrix size: 9059 x 9059
- Frequency: 9.70e+08 Hz
- Wavelength: 0.3091 m
- Segment size: 0.0773 m
- Terrain step size: 10.0 m
- Max terrain distance: 700.0 m
- Terrain file: ./terrain/X.04
- Terrain points: 72
- Source: (0.0, 442.0) m
- Observation height: 2.4 m

Z MATRIX CONSTRUCTION:
- Status: WELL-CONDITIONED
- Construction time: 102.2856 seconds
- Condition number: 5.444597e+01
- Matrix norm: 4.213969e+04
- Memory usage: 1252.2 MB

MATRIX SOLUTION:
- Status: EXCELLENT (residual = 6.43e-15)
- Solution time: 10.5200 seconds
- Relative residual: 6.429902e-15
- Max current: 2.591308e-01 A/m
- Current norm: 6.312816e+00

EXECUTION SUMMARY:
- Z matrix construction: 102.2856 seconds (37.2%)
- Matrix solution: 10.5200 seconds (3.8%)
- Total time: 274.6572 seconds
- End time: 2025-06-01 13:19:30
- Files timestamp: 2025-06-01_13-14-55
